<?xml version="1.0" encoding="UTF-8"?>
<robot generator="Robot 6.0.2 (Python 3.11.3 on win32)" generated="20240105 16:14:41.649" rpa="false" schemaversion="3">
<suite id="s1" name="Projeto Estudo" source="C:\Users\ander\OneDrive\Área de Trabalho\Projeto_Estudo">
<suite id="s1-s1" name="API" source="C:\Users\ander\OneDrive\Área de Trabalho\Projeto_Estudo\API">
<suite id="s1-s1-s1" name="Robot" source="C:\Users\ander\OneDrive\Área de Trabalho\Projeto_Estudo\API\robot">
<suite id="s1-s1-s1-s1" name="Test" source="C:\Users\ander\OneDrive\Área de Trabalho\Projeto_Estudo\API\robot\test">
<suite id="s1-s1-s1-s1-s1" name="TestCase" source="C:\Users\ander\OneDrive\Área de Trabalho\Projeto_Estudo\API\robot\test\TestCase.robot">
<test id="s1-s1-s1-s1-s1-t1" name="Caso 01" line="6">
<kw name="Gerando Dados" library="hooks">
<kw name="Create Dictionary" library="BuiltIn">
<var>${gerar_pessoa}</var>
<arg>acao=gerar_pessoa</arg>
<arg>pontuacao=N</arg>
<arg>sexo=H</arg>
<arg>txt_qtde=1</arg>
<doc>Creates and returns a dictionary based on the given ``items``.</doc>
<msg timestamp="20240105 16:14:42.699" level="INFO">${gerar_pessoa} = {'acao': 'gerar_pessoa', 'pontuacao': 'N', 'sexo': 'H', 'txt_qtde': '1'}</msg>
<status status="PASS" starttime="20240105 16:14:42.699" endtime="20240105 16:14:42.699"/>
</kw>
<kw name="POST" library="RequestsLibrary">
<var>${Request_Pessoa}</var>
<arg>url=${url}</arg>
<arg>data=${gerar_pessoa}</arg>
<doc>Sends a POST request.</doc>
<msg timestamp="20240105 16:14:43.303" level="INFO">POST Request : url=https://www.4devs.com.br/ferramentas_online.php 
 path_url=/ferramentas_online.php 
 headers={'User-Agent': 'python-requests/2.30.0', 'Accept-Encoding': 'gzip, deflate', 'Accept': '*/*', 'Connection': 'keep-alive', 'Content-Length': '47', 'Content-Type': 'application/x-www-form-urlencoded'} 
 body=acao=gerar_pessoa&amp;pontuacao=N&amp;sexo=H&amp;txt_qtde=1 
 </msg>
<msg timestamp="20240105 16:14:43.304" level="INFO">POST Response : url=https://www.4devs.com.br/ferramentas_online.php 
 status=200, reason=OK 
 headers={'Server': 'nginx', 'Date': 'Fri, 05 Jan 2024 19:14:44 GMT', 'Content-Type': 'application/json', 'Content-Length': '370', 'Connection': 'keep-alive', 'Cache-Control': 'max-age=2592000', 'Vary': 'Accept-Encoding', 'Content-Encoding': 'gzip', 'X-UA-Compatible': 'IE=edge', 'X-Content-Type-Options': 'nosniff', 'Accept-Ranges': 'bytes', 'Strict-Transport-Security': 'max-age=63072000; includeSubDomains; preload', 'X-Frame-Options': 'SAMEORIGIN'} 
 body=[{"nome":"Murilo Diego Nathan Aragão","idade":45,"cpf":"34913123459","rg":"110969194","data_nasc":"01/01/1979","sexo":"Masculino","signo":"Capricórnio","mae":"Nair Agatha Camila","pai":"Manoel Leandro Aragão","email":"murilo.diego.aragao@delfrateinfo.com.br","senha":"7W8lgT0KF5","cep":"63116160","endereco":"Travessa São Benedito","numero":537,"bairro":"Cacimbas","cidade":"Crato","estado":"CE","telefone_fixo":"8837682693","celular":"88987238159","altura":"1,62","peso":78,"tipo_sanguineo":"A-","cor":"roxo"}] 
 </msg>
<msg timestamp="20240105 16:14:43.304" level="INFO">${Request_Pessoa} = &lt;Response [200]&gt;</msg>
<status status="PASS" starttime="20240105 16:14:42.700" endtime="20240105 16:14:43.304"/>
</kw>
<kw name="Set Variable" library="BuiltIn">
<var>${PessoaGerada}</var>
<arg>${Request_Pessoa.json()[0]}</arg>
<doc>Returns the given values which can then be assigned to a variables.</doc>
<msg timestamp="20240105 16:14:43.306" level="INFO">${PessoaGerada} = {'nome': 'Murilo Diego Nathan Aragão', 'idade': 45, 'cpf': '34913123459', 'rg': '110969194', 'data_nasc': '01/01/1979', 'sexo': 'Masculino', 'signo': 'Capricórnio', 'mae': 'Nair Agatha Camila', 'pai':...</msg>
<status status="PASS" starttime="20240105 16:14:43.304" endtime="20240105 16:14:43.306"/>
</kw>
<kw name="Set Global Variable" library="BuiltIn">
<arg>${PessoaGerada}</arg>
<doc>Makes a variable available globally in all tests and suites.</doc>
<msg timestamp="20240105 16:14:43.307" level="INFO">${PessoaGerada} = {'nome': 'Murilo Diego Nathan Aragão', 'idade': 45, 'cpf': '34913123459', 'rg': '110969194', 'data_nasc': '01/01/1979', 'sexo': 'Masculino', 'signo': 'Capricórnio', 'mae': 'Nair Agatha Camila', 'pai':...</msg>
<status status="PASS" starttime="20240105 16:14:43.306" endtime="20240105 16:14:43.307"/>
</kw>
<status status="PASS" starttime="20240105 16:14:42.698" endtime="20240105 16:14:43.307"/>
</kw>
<kw name="Verificando Dados" library="hooks">
<kw name="Log" library="BuiltIn">
<arg>${PessoaGerada}[nome]</arg>
<doc>Logs the given message with the given level.</doc>
<msg timestamp="20240105 16:14:43.309" level="INFO">Murilo Diego Nathan Aragão</msg>
<status status="PASS" starttime="20240105 16:14:43.309" endtime="20240105 16:14:43.309"/>
</kw>
<kw name="Log" library="BuiltIn">
<arg>${PessoaGerada}[mae]</arg>
<doc>Logs the given message with the given level.</doc>
<msg timestamp="20240105 16:14:43.310" level="INFO">Nair Agatha Camila</msg>
<status status="PASS" starttime="20240105 16:14:43.310" endtime="20240105 16:14:43.310"/>
</kw>
<kw name="Log" library="BuiltIn">
<arg>${PessoaGerada}[cpf]</arg>
<doc>Logs the given message with the given level.</doc>
<msg timestamp="20240105 16:14:43.311" level="INFO">34913123459</msg>
<status status="PASS" starttime="20240105 16:14:43.310" endtime="20240105 16:14:43.311"/>
</kw>
<kw name="Log" library="BuiltIn">
<arg>${PessoaGerada}[rg]</arg>
<doc>Logs the given message with the given level.</doc>
<msg timestamp="20240105 16:14:43.311" level="INFO">110969194</msg>
<status status="PASS" starttime="20240105 16:14:43.311" endtime="20240105 16:14:43.311"/>
</kw>
<kw name="Log" library="BuiltIn">
<arg>${PessoaGerada}[data_nasc]</arg>
<doc>Logs the given message with the given level.</doc>
<msg timestamp="20240105 16:14:43.312" level="INFO">01/01/1979</msg>
<status status="PASS" starttime="20240105 16:14:43.312" endtime="20240105 16:14:43.312"/>
</kw>
<kw name="Log" library="BuiltIn">
<arg>${PessoaGerada}[email]</arg>
<doc>Logs the given message with the given level.</doc>
<msg timestamp="20240105 16:14:43.313" level="INFO">murilo.diego.aragao@delfrateinfo.com.br</msg>
<status status="PASS" starttime="20240105 16:14:43.312" endtime="20240105 16:14:43.313"/>
</kw>
<kw name="Log" library="BuiltIn">
<arg>${PessoaGerada}[cep]</arg>
<doc>Logs the given message with the given level.</doc>
<msg timestamp="20240105 16:14:43.313" level="INFO">63116160</msg>
<status status="PASS" starttime="20240105 16:14:43.313" endtime="20240105 16:14:43.313"/>
</kw>
<kw name="Log" library="BuiltIn">
<arg>${PessoaGerada}[numero]</arg>
<doc>Logs the given message with the given level.</doc>
<msg timestamp="20240105 16:14:43.314" level="INFO">537</msg>
<status status="PASS" starttime="20240105 16:14:43.313" endtime="20240105 16:14:43.314"/>
</kw>
<status status="PASS" starttime="20240105 16:14:43.308" endtime="20240105 16:14:43.314"/>
</kw>
<tag>api</tag>
<status status="PASS" starttime="20240105 16:14:42.698" endtime="20240105 16:14:43.315"/>
</test>
<status status="PASS" starttime="20240105 16:14:41.704" endtime="20240105 16:14:43.318"/>
</suite>
<status status="PASS" starttime="20240105 16:14:41.696" endtime="20240105 16:14:43.323"/>
</suite>
<status status="PASS" starttime="20240105 16:14:41.691" endtime="20240105 16:14:43.327"/>
</suite>
<status status="PASS" starttime="20240105 16:14:41.687" endtime="20240105 16:14:43.333"/>
</suite>
<status status="PASS" starttime="20240105 16:14:41.652" endtime="20240105 16:14:43.336"/>
</suite>
<statistics>
<total>
<stat pass="1" fail="0" skip="0">All Tests</stat>
</total>
<tag>
<stat pass="1" fail="0" skip="0">api</stat>
</tag>
<suite>
<stat pass="1" fail="0" skip="0" id="s1" name="Projeto Estudo">Projeto Estudo</stat>
<stat pass="1" fail="0" skip="0" id="s1-s1" name="API">Projeto Estudo.API</stat>
<stat pass="1" fail="0" skip="0" id="s1-s1-s1" name="Robot">Projeto Estudo.API.Robot</stat>
<stat pass="1" fail="0" skip="0" id="s1-s1-s1-s1" name="Test">Projeto Estudo.API.Robot.Test</stat>
<stat pass="1" fail="0" skip="0" id="s1-s1-s1-s1-s1" name="TestCase">Projeto Estudo.API.Robot.Test.TestCase</stat>
</suite>
</statistics>
<errors>
<msg timestamp="20240105 16:14:42.695" level="WARN">Imported resource file 'C:\Users\ander\OneDrive\Área de Trabalho\Projeto_Estudo\API\robot\src\auto\keywords\keywords.robot' is empty.</msg>
</errors>
</robot>
